android/app/build/intermediates/manifest_merge_blame_file/release/manifest-merger-blame-release-report.txt
1<?xml version="1.0" encoding="utf-8"?>
2<manifest xmlns:android="http://schemas.android.com/apk/res/android"
3    package="com.pnfapp"
4    android:versionCode="1"
5    android:versionName="1.0" >
6
7    <uses-sdk
8        android:minSdkVersion="21"
9        android:targetSdkVersion="34" />
10
11    <uses-permission android:name="android.permission.INTERNET" />
11-->src/main/AndroidManifest.xml:4:5-67
11-->src/main/AndroidManifest.xml:4:22-64
12    <uses-permission android:name="android.permission.FOREGROUND_SERVICE" />
12-->src/main/AndroidManifest.xml:5:5-77
12-->src/main/AndroidManifest.xml:5:22-74
13    <uses-permission android:name="android.permission.RECEIVE_BOOT_COMPLETED" />
13-->src/main/AndroidManifest.xml:6:5-81
13-->src/main/AndroidManifest.xml:6:22-78
14    <uses-permission android:name="android.permission.VIBRATE" />
14-->src/main/AndroidManifest.xml:7:5-66
14-->src/main/AndroidManifest.xml:7:22-63
15    <uses-permission android:name="android.permission.WAKE_LOCK" />
15-->src/main/AndroidManifest.xml:8:5-68
15-->src/main/AndroidManifest.xml:8:22-65
16    <uses-permission android:name="android.permission.ACCESS_NOTIFICATION_POLICY" />
16-->src/main/AndroidManifest.xml:9:5-85
16-->src/main/AndroidManifest.xml:9:22-82
17    <uses-permission android:name="android.permission.USE_FULL_SCREEN_INTENT" />
17-->src/main/AndroidManifest.xml:10:5-81
17-->src/main/AndroidManifest.xml:10:22-78
18    <uses-permission android:name="android.permission.ACCESS_NETWORK_STATE" /> <!-- Required to check whether Wi-Fi is enabled -->
18-->[:react-native-firebase_auth] AndroidManifest.xml:9:5-79
18-->[:react-native-firebase_auth] AndroidManifest.xml:9:22-76
19    <uses-permission android:name="android.permission.ACCESS_WIFI_STATE" /> <!-- Required to read and write the expansion files on shared storage -->
19-->[:react-native-blob-util] AndroidManifest.xml:23:5-76
19-->[:react-native-blob-util] AndroidManifest.xml:23:22-73
20    <uses-permission android:name="android.permission.WRITE_EXTERNAL_STORAGE" /> <!-- Required to read and write the expansion files on shared storage for Android 11 -->
20-->[:react-native-blob-util] AndroidManifest.xml:26:5-81
20-->[:react-native-blob-util] AndroidManifest.xml:26:22-78
21    <uses-permission android:name="android.permission.READ_EXTERNAL_STORAGE" /> <!-- Required to to download files without a notification -->
21-->[:react-native-blob-util] AndroidManifest.xml:29:5-80
21-->[:react-native-blob-util] AndroidManifest.xml:29:22-77
22    <uses-permission android:name="android.permission.DOWNLOAD_WITHOUT_NOTIFICATION" />
22-->[:react-native-blob-util] AndroidManifest.xml:32:5-88
22-->[:react-native-blob-util] AndroidManifest.xml:32:22-85
23    <uses-permission android:name="android.permission.POST_NOTIFICATIONS" /> <!-- Required by older versions of Google Play services to create IID tokens -->
23-->[com.google.firebase:firebase-messaging:23.4.0] AndroidManifest.xml:23:5-77
23-->[com.google.firebase:firebase-messaging:23.4.0] AndroidManifest.xml:23:22-74
24    <uses-permission android:name="com.google.android.c2dm.permission.RECEIVE" />
24-->[com.google.firebase:firebase-messaging:23.4.0] AndroidManifest.xml:26:5-82
24-->[com.google.firebase:firebase-messaging:23.4.0] AndroidManifest.xml:26:22-79
25    <uses-permission android:name="com.google.android.providers.gsf.permission.READ_GSERVICES" />
25-->[com.google.android.recaptcha:recaptcha:18.4.0] AndroidManifest.xml:9:5-98
25-->[com.google.android.recaptcha:recaptcha:18.4.0] AndroidManifest.xml:9:22-95
26
27    <permission
27-->[androidx.core:core:1.9.0] AndroidManifest.xml:22:5-24:47
28        android:name="com.pnfapp.DYNAMIC_RECEIVER_NOT_EXPORTED_PERMISSION"
28-->[androidx.core:core:1.9.0] AndroidManifest.xml:23:9-81
29        android:protectionLevel="signature" />
29-->[androidx.core:core:1.9.0] AndroidManifest.xml:24:9-44
30
31    <uses-permission android:name="com.pnfapp.DYNAMIC_RECEIVER_NOT_EXPORTED_PERMISSION" /> <!-- for android -->
31-->[androidx.core:core:1.9.0] AndroidManifest.xml:26:5-97
31-->[androidx.core:core:1.9.0] AndroidManifest.xml:26:22-94
32    <!-- <uses-permission android:name="com.android.launcher.permission.READ_SETTINGS"/> -->
33    <!-- <uses-permission android:name="com.android.launcher.permission.WRITE_SETTINGS"/> -->
34    <!-- <uses-permission android:name="com.android.launcher.permission.INSTALL_SHORTCUT" /> -->
35    <!-- <uses-permission android:name="com.android.launcher.permission.UNINSTALL_SHORTCUT" /> -->
36    <!-- for Samsung -->
37    <uses-permission android:name="com.sec.android.provider.badge.permission.READ" />
37-->[me.leolin:ShortcutBadger:1.1.22] AndroidManifest.xml:19:5-86
37-->[me.leolin:ShortcutBadger:1.1.22] AndroidManifest.xml:19:22-83
38    <uses-permission android:name="com.sec.android.provider.badge.permission.WRITE" /> <!-- for htc -->
38-->[me.leolin:ShortcutBadger:1.1.22] AndroidManifest.xml:20:5-87
38-->[me.leolin:ShortcutBadger:1.1.22] AndroidManifest.xml:20:22-84
39    <uses-permission android:name="com.htc.launcher.permission.READ_SETTINGS" />
39-->[me.leolin:ShortcutBadger:1.1.22] AndroidManifest.xml:23:5-81
39-->[me.leolin:ShortcutBadger:1.1.22] AndroidManifest.xml:23:22-78
40    <uses-permission android:name="com.htc.launcher.permission.UPDATE_SHORTCUT" /> <!-- for sony -->
40-->[me.leolin:ShortcutBadger:1.1.22] AndroidManifest.xml:24:5-83
40-->[me.leolin:ShortcutBadger:1.1.22] AndroidManifest.xml:24:22-80
41    <uses-permission android:name="com.sonyericsson.home.permission.BROADCAST_BADGE" />
41-->[me.leolin:ShortcutBadger:1.1.22] AndroidManifest.xml:27:5-88
41-->[me.leolin:ShortcutBadger:1.1.22] AndroidManifest.xml:27:22-85
42    <uses-permission android:name="com.sonymobile.home.permission.PROVIDER_INSERT_BADGE" /> <!-- for apex -->
42-->[me.leolin:ShortcutBadger:1.1.22] AndroidManifest.xml:28:5-92
42-->[me.leolin:ShortcutBadger:1.1.22] AndroidManifest.xml:28:22-89
43    <uses-permission android:name="com.anddoes.launcher.permission.UPDATE_COUNT" /> <!-- for solid -->
43-->[me.leolin:ShortcutBadger:1.1.22] AndroidManifest.xml:31:5-84
43-->[me.leolin:ShortcutBadger:1.1.22] AndroidManifest.xml:31:22-81
44    <uses-permission android:name="com.majeur.launcher.permission.UPDATE_BADGE" /> <!-- for huawei -->
44-->[me.leolin:ShortcutBadger:1.1.22] AndroidManifest.xml:34:5-83
44-->[me.leolin:ShortcutBadger:1.1.22] AndroidManifest.xml:34:22-80
45    <uses-permission android:name="com.huawei.android.launcher.permission.CHANGE_BADGE" />
45-->[me.leolin:ShortcutBadger:1.1.22] AndroidManifest.xml:37:5-91
45-->[me.leolin:ShortcutBadger:1.1.22] AndroidManifest.xml:37:22-88
46    <uses-permission android:name="com.huawei.android.launcher.permission.READ_SETTINGS" />
46-->[me.leolin:ShortcutBadger:1.1.22] AndroidManifest.xml:38:5-92
46-->[me.leolin:ShortcutBadger:1.1.22] AndroidManifest.xml:38:22-89
47    <uses-permission android:name="com.huawei.android.launcher.permission.WRITE_SETTINGS" /> <!-- for ZUK -->
47-->[me.leolin:ShortcutBadger:1.1.22] AndroidManifest.xml:39:5-93
47-->[me.leolin:ShortcutBadger:1.1.22] AndroidManifest.xml:39:22-90
48    <uses-permission android:name="android.permission.READ_APP_BADGE" /> <!-- for OPPO -->
48-->[me.leolin:ShortcutBadger:1.1.22] AndroidManifest.xml:42:5-73
48-->[me.leolin:ShortcutBadger:1.1.22] AndroidManifest.xml:42:22-70
49    <uses-permission android:name="com.oppo.launcher.permission.READ_SETTINGS" />
49-->[me.leolin:ShortcutBadger:1.1.22] AndroidManifest.xml:45:5-82
49-->[me.leolin:ShortcutBadger:1.1.22] AndroidManifest.xml:45:22-79
50    <uses-permission android:name="com.oppo.launcher.permission.WRITE_SETTINGS" /> <!-- for EvMe -->
50-->[me.leolin:ShortcutBadger:1.1.22] AndroidManifest.xml:46:5-83
50-->[me.leolin:ShortcutBadger:1.1.22] AndroidManifest.xml:46:22-80
51    <uses-permission android:name="me.everything.badger.permission.BADGE_COUNT_READ" />
51-->[me.leolin:ShortcutBadger:1.1.22] AndroidManifest.xml:49:5-88
51-->[me.leolin:ShortcutBadger:1.1.22] AndroidManifest.xml:49:22-85
52    <uses-permission android:name="me.everything.badger.permission.BADGE_COUNT_WRITE" />
52-->[me.leolin:ShortcutBadger:1.1.22] AndroidManifest.xml:50:5-89
52-->[me.leolin:ShortcutBadger:1.1.22] AndroidManifest.xml:50:22-86
53
54    <application
54-->src/main/AndroidManifest.xml:12:5-31:19
55        android:name="com.pnfapp.MainApplication"
55-->src/main/AndroidManifest.xml:13:7-38
56        android:allowBackup="false"
56-->src/main/AndroidManifest.xml:17:7-34
57        android:appComponentFactory="androidx.core.app.CoreComponentFactory"
57-->[androidx.core:core:1.9.0] AndroidManifest.xml:28:18-86
58        android:extractNativeLibs="true"
59        android:icon="@mipmap/ic_launcher"
59-->src/main/AndroidManifest.xml:15:7-41
60        android:label="@string/app_name"
60-->src/main/AndroidManifest.xml:14:7-39
61        android:roundIcon="@mipmap/ic_launcher_round"
61-->src/main/AndroidManifest.xml:16:7-52
62        android:theme="@style/AppTheme" >
62-->src/main/AndroidManifest.xml:18:7-38
63        <activity
63-->src/main/AndroidManifest.xml:19:7-30:18
64            android:name="com.pnfapp.MainActivity"
64-->src/main/AndroidManifest.xml:20:9-37
65            android:configChanges="keyboard|keyboardHidden|orientation|screenLayout|screenSize|smallestScreenSize|uiMode"
65-->src/main/AndroidManifest.xml:22:9-118
66            android:exported="true"
66-->src/main/AndroidManifest.xml:25:9-32
67            android:label="@string/app_name"
67-->src/main/AndroidManifest.xml:21:9-41
68            android:launchMode="singleTask"
68-->src/main/AndroidManifest.xml:23:9-40
69            android:windowSoftInputMode="adjustResize" >
69-->src/main/AndroidManifest.xml:24:9-51
70            <intent-filter>
70-->src/main/AndroidManifest.xml:26:9-29:25
71                <action android:name="android.intent.action.MAIN" />
71-->src/main/AndroidManifest.xml:27:13-65
71-->src/main/AndroidManifest.xml:27:21-62
72
73                <category android:name="android.intent.category.LAUNCHER" />
73-->src/main/AndroidManifest.xml:28:13-73
73-->src/main/AndroidManifest.xml:28:23-70
74            </intent-filter>
75        </activity>
76
77        <service
77-->[:react-native-firebase_messaging] AndroidManifest.xml:12:9-14:40
78            android:name="io.invertase.firebase.messaging.ReactNativeFirebaseMessagingHeadlessService"
78-->[:react-native-firebase_messaging] AndroidManifest.xml:13:13-103
79            android:exported="false" />
79-->[:react-native-firebase_messaging] AndroidManifest.xml:14:13-37
80        <service
80-->[:react-native-firebase_messaging] AndroidManifest.xml:15:9-21:19
81            android:name="io.invertase.firebase.messaging.ReactNativeFirebaseMessagingService"
81-->[:react-native-firebase_messaging] AndroidManifest.xml:16:13-95
82            android:exported="false" >
82-->[:react-native-firebase_messaging] AndroidManifest.xml:17:13-37
83            <intent-filter>
83-->[:react-native-firebase_messaging] AndroidManifest.xml:18:13-20:29
84                <action android:name="com.google.firebase.MESSAGING_EVENT" />
84-->[:react-native-firebase_messaging] AndroidManifest.xml:19:17-78
84-->[:react-native-firebase_messaging] AndroidManifest.xml:19:25-75
85            </intent-filter>
86        </service>
87
88        <receiver
88-->[:react-native-firebase_messaging] AndroidManifest.xml:23:9-30:20
89            android:name="io.invertase.firebase.messaging.ReactNativeFirebaseMessagingReceiver"
89-->[:react-native-firebase_messaging] AndroidManifest.xml:24:13-96
90            android:exported="true"
90-->[:react-native-firebase_messaging] AndroidManifest.xml:25:13-36
91            android:permission="com.google.android.c2dm.permission.SEND" >
91-->[:react-native-firebase_messaging] AndroidManifest.xml:26:13-73
92            <intent-filter>
92-->[:react-native-firebase_messaging] AndroidManifest.xml:27:13-29:29
93                <action android:name="com.google.android.c2dm.intent.RECEIVE" />
93-->[:react-native-firebase_messaging] AndroidManifest.xml:28:17-81
93-->[:react-native-firebase_messaging] AndroidManifest.xml:28:25-78
94            </intent-filter>
95        </receiver>
96
97        <meta-data
97-->[:react-native-firebase_messaging] AndroidManifest.xml:32:9-34:36
98            android:name="firebase_messaging_auto_init_enabled"
98-->[:react-native-firebase_messaging] AndroidManifest.xml:33:13-64
99            android:value="true" />
99-->[:react-native-firebase_messaging] AndroidManifest.xml:34:13-33
100        <meta-data
100-->[:react-native-firebase_messaging] AndroidManifest.xml:35:9-37:32
101            android:name="com.google.firebase.messaging.default_notification_channel_id"
101-->[:react-native-firebase_messaging] AndroidManifest.xml:36:13-89
102            android:value="" />
102-->[:react-native-firebase_messaging] AndroidManifest.xml:37:13-29
103        <meta-data
103-->[:react-native-firebase_messaging] AndroidManifest.xml:38:9-40:47
104            android:name="com.google.firebase.messaging.default_notification_color"
104-->[:react-native-firebase_messaging] AndroidManifest.xml:39:13-84
105            android:resource="@color/white" />
105-->[:react-native-firebase_messaging] AndroidManifest.xml:40:13-44
106        <meta-data
106-->[:react-native-firebase_app] AndroidManifest.xml:9:9-11:36
107            android:name="app_data_collection_default_enabled"
107-->[:react-native-firebase_app] AndroidManifest.xml:10:13-63
108            android:value="true" />
108-->[:react-native-firebase_app] AndroidManifest.xml:11:13-33
109
110        <service
110-->[:react-native-firebase_app] AndroidManifest.xml:13:9-21:19
111            android:name="com.google.firebase.components.ComponentDiscoveryService"
111-->[:react-native-firebase_app] AndroidManifest.xml:14:13-84
112            android:directBootAware="true"
112-->[:react-native-firebase_app] AndroidManifest.xml:15:13-43
113            android:exported="false" >
113-->[:react-native-firebase_app] AndroidManifest.xml:16:13-37
114            <meta-data
114-->[:react-native-firebase_app] AndroidManifest.xml:18:13-20:85
115                android:name="com.google.firebase.components:io.invertase.firebase.app.ReactNativeFirebaseAppRegistrar"
115-->[:react-native-firebase_app] AndroidManifest.xml:19:17-120
116                android:value="com.google.firebase.components.ComponentRegistrar" />
116-->[:react-native-firebase_app] AndroidManifest.xml:20:17-82
117            <meta-data
117-->[com.google.firebase:firebase-auth:22.3.1] AndroidManifest.xml:69:13-71:85
118                android:name="com.google.firebase.components:com.google.firebase.auth.FirebaseAuthRegistrar"
118-->[com.google.firebase:firebase-auth:22.3.1] AndroidManifest.xml:70:17-109
119                android:value="com.google.firebase.components.ComponentRegistrar" />
119-->[com.google.firebase:firebase-auth:22.3.1] AndroidManifest.xml:71:17-82
120            <meta-data
120-->[com.google.firebase:firebase-firestore:24.10.1] AndroidManifest.xml:17:13-19:85
121                android:name="com.google.firebase.components:com.google.firebase.firestore.FirebaseFirestoreKtxRegistrar"
121-->[com.google.firebase:firebase-firestore:24.10.1] AndroidManifest.xml:18:17-122
122                android:value="com.google.firebase.components.ComponentRegistrar" />
122-->[com.google.firebase:firebase-firestore:24.10.1] AndroidManifest.xml:19:17-82
123            <meta-data
123-->[com.google.firebase:firebase-firestore:24.10.1] AndroidManifest.xml:20:13-22:85
124                android:name="com.google.firebase.components:com.google.firebase.firestore.FirestoreRegistrar"
124-->[com.google.firebase:firebase-firestore:24.10.1] AndroidManifest.xml:21:17-111
125                android:value="com.google.firebase.components.ComponentRegistrar" />
125-->[com.google.firebase:firebase-firestore:24.10.1] AndroidManifest.xml:22:17-82
126            <meta-data
126-->[com.google.firebase:firebase-messaging:23.4.0] AndroidManifest.xml:57:13-59:85
127                android:name="com.google.firebase.components:com.google.firebase.messaging.FirebaseMessagingKtxRegistrar"
127-->[com.google.firebase:firebase-messaging:23.4.0] AndroidManifest.xml:58:17-122
128                android:value="com.google.firebase.components.ComponentRegistrar" />
128-->[com.google.firebase:firebase-messaging:23.4.0] AndroidManifest.xml:59:17-82
129            <meta-data
129-->[com.google.firebase:firebase-messaging:23.4.0] AndroidManifest.xml:60:13-62:85
130                android:name="com.google.firebase.components:com.google.firebase.messaging.FirebaseMessagingRegistrar"
130-->[com.google.firebase:firebase-messaging:23.4.0] AndroidManifest.xml:61:17-119
131                android:value="com.google.firebase.components.ComponentRegistrar" />
131-->[com.google.firebase:firebase-messaging:23.4.0] AndroidManifest.xml:62:17-82
132            <meta-data
132-->[com.google.firebase:firebase-installations:17.2.0] AndroidManifest.xml:15:13-17:85
133                android:name="com.google.firebase.components:com.google.firebase.installations.FirebaseInstallationsKtxRegistrar"
133-->[com.google.firebase:firebase-installations:17.2.0] AndroidManifest.xml:16:17-130
134                android:value="com.google.firebase.components.ComponentRegistrar" />
134-->[com.google.firebase:firebase-installations:17.2.0] AndroidManifest.xml:17:17-82
135            <meta-data
135-->[com.google.firebase:firebase-installations:17.2.0] AndroidManifest.xml:18:13-20:85
136                android:name="com.google.firebase.components:com.google.firebase.installations.FirebaseInstallationsRegistrar"
136-->[com.google.firebase:firebase-installations:17.2.0] AndroidManifest.xml:19:17-127
137                android:value="com.google.firebase.components.ComponentRegistrar" />
137-->[com.google.firebase:firebase-installations:17.2.0] AndroidManifest.xml:20:17-82
138            <meta-data
138-->[com.google.firebase:firebase-common-ktx:20.4.2] AndroidManifest.xml:12:13-14:85
139                android:name="com.google.firebase.components:com.google.firebase.ktx.FirebaseCommonLegacyRegistrar"
139-->[com.google.firebase:firebase-common-ktx:20.4.2] AndroidManifest.xml:13:17-116
140                android:value="com.google.firebase.components.ComponentRegistrar" />
140-->[com.google.firebase:firebase-common-ktx:20.4.2] AndroidManifest.xml:14:17-82
141            <meta-data
141-->[com.google.firebase:firebase-common:20.4.2] AndroidManifest.xml:35:13-37:85
142                android:name="com.google.firebase.components:com.google.firebase.FirebaseCommonKtxRegistrar"
142-->[com.google.firebase:firebase-common:20.4.2] AndroidManifest.xml:36:17-109
143                android:value="com.google.firebase.components.ComponentRegistrar" />
143-->[com.google.firebase:firebase-common:20.4.2] AndroidManifest.xml:37:17-82
144            <meta-data
144-->[com.google.firebase:firebase-datatransport:18.1.7] AndroidManifest.xml:27:13-29:85
145                android:name="com.google.firebase.components:com.google.firebase.datatransport.TransportRegistrar"
145-->[com.google.firebase:firebase-datatransport:18.1.7] AndroidManifest.xml:28:17-115
146                android:value="com.google.firebase.components.ComponentRegistrar" />
146-->[com.google.firebase:firebase-datatransport:18.1.7] AndroidManifest.xml:29:17-82
147        </service>
148
149        <provider
149-->[:react-native-firebase_app] AndroidManifest.xml:23:9-27:38
150            android:name="io.invertase.firebase.app.ReactNativeFirebaseAppInitProvider"
150-->[:react-native-firebase_app] AndroidManifest.xml:24:13-88
151            android:authorities="com.pnfapp.reactnativefirebaseappinitprovider"
151-->[:react-native-firebase_app] AndroidManifest.xml:25:13-86
152            android:exported="false"
152-->[:react-native-firebase_app] AndroidManifest.xml:26:13-37
153            android:initOrder="99" />
153-->[:react-native-firebase_app] AndroidManifest.xml:27:13-35
154        <provider
154-->[:react-native-blob-util] AndroidManifest.xml:35:9-43:20
155            android:name="com.ReactNativeBlobUtil.Utils.FileProvider"
155-->[:react-native-blob-util] AndroidManifest.xml:36:13-70
156            android:authorities="com.pnfapp.provider"
156-->[:react-native-blob-util] AndroidManifest.xml:37:13-60
157            android:exported="false"
157-->[:react-native-blob-util] AndroidManifest.xml:38:13-37
158            android:grantUriPermissions="true" >
158-->[:react-native-blob-util] AndroidManifest.xml:39:13-47
159            <meta-data
159-->[:react-native-blob-util] AndroidManifest.xml:40:13-42:58
160                android:name="android.support.FILE_PROVIDER_PATHS"
160-->[:react-native-blob-util] AndroidManifest.xml:41:17-67
161                android:resource="@xml/provider_paths" />
161-->[:react-native-blob-util] AndroidManifest.xml:42:17-55
162        </provider>
163
164        <activity
164-->[com.google.firebase:firebase-auth:22.3.1] AndroidManifest.xml:29:9-46:20
165            android:name="com.google.firebase.auth.internal.GenericIdpActivity"
165-->[com.google.firebase:firebase-auth:22.3.1] AndroidManifest.xml:30:13-80
166            android:excludeFromRecents="true"
166-->[com.google.firebase:firebase-auth:22.3.1] AndroidManifest.xml:31:13-46
167            android:exported="true"
167-->[com.google.firebase:firebase-auth:22.3.1] AndroidManifest.xml:32:13-36
168            android:launchMode="singleTask"
168-->[com.google.firebase:firebase-auth:22.3.1] AndroidManifest.xml:33:13-44
169            android:theme="@android:style/Theme.Translucent.NoTitleBar" >
169-->[com.google.firebase:firebase-auth:22.3.1] AndroidManifest.xml:34:13-72
170            <intent-filter>
170-->[com.google.firebase:firebase-auth:22.3.1] AndroidManifest.xml:35:13-45:29
171                <action android:name="android.intent.action.VIEW" />
171-->[com.google.firebase:firebase-auth:22.3.1] AndroidManifest.xml:36:17-69
171-->[com.google.firebase:firebase-auth:22.3.1] AndroidManifest.xml:36:25-66
172
173                <category android:name="android.intent.category.DEFAULT" />
173-->[com.google.firebase:firebase-auth:22.3.1] AndroidManifest.xml:38:17-76
173-->[com.google.firebase:firebase-auth:22.3.1] AndroidManifest.xml:38:27-73
174                <category android:name="android.intent.category.BROWSABLE" />
174-->[com.google.firebase:firebase-auth:22.3.1] AndroidManifest.xml:39:17-78
174-->[com.google.firebase:firebase-auth:22.3.1] AndroidManifest.xml:39:27-75
175
176                <data
176-->[com.google.firebase:firebase-auth:22.3.1] AndroidManifest.xml:41:17-44:51
177                    android:host="firebase.auth"
177-->[com.google.firebase:firebase-auth:22.3.1] AndroidManifest.xml:42:21-49
178                    android:path="/"
178-->[com.google.firebase:firebase-auth:22.3.1] AndroidManifest.xml:43:21-37
179                    android:scheme="genericidp" />
179-->[com.google.firebase:firebase-auth:22.3.1] AndroidManifest.xml:44:21-48
180            </intent-filter>
181        </activity>
182        <activity
182-->[com.google.firebase:firebase-auth:22.3.1] AndroidManifest.xml:47:9-64:20
183            android:name="com.google.firebase.auth.internal.RecaptchaActivity"
183-->[com.google.firebase:firebase-auth:22.3.1] AndroidManifest.xml:48:13-79
184            android:excludeFromRecents="true"
184-->[com.google.firebase:firebase-auth:22.3.1] AndroidManifest.xml:49:13-46
185            android:exported="true"
185-->[com.google.firebase:firebase-auth:22.3.1] AndroidManifest.xml:50:13-36
186            android:launchMode="singleTask"
186-->[com.google.firebase:firebase-auth:22.3.1] AndroidManifest.xml:51:13-44
187            android:theme="@android:style/Theme.Translucent.NoTitleBar" >
187-->[com.google.firebase:firebase-auth:22.3.1] AndroidManifest.xml:52:13-72
188            <intent-filter>
188-->[com.google.firebase:firebase-auth:22.3.1] AndroidManifest.xml:53:13-63:29
189                <action android:name="android.intent.action.VIEW" />
189-->[com.google.firebase:firebase-auth:22.3.1] AndroidManifest.xml:36:17-69
189-->[com.google.firebase:firebase-auth:22.3.1] AndroidManifest.xml:36:25-66
190
191                <category android:name="android.intent.category.DEFAULT" />
191-->[com.google.firebase:firebase-auth:22.3.1] AndroidManifest.xml:38:17-76
191-->[com.google.firebase:firebase-auth:22.3.1] AndroidManifest.xml:38:27-73
192                <category android:name="android.intent.category.BROWSABLE" />
192-->[com.google.firebase:firebase-auth:22.3.1] AndroidManifest.xml:39:17-78
192-->[com.google.firebase:firebase-auth:22.3.1] AndroidManifest.xml:39:27-75
193
194                <data
194-->[com.google.firebase:firebase-auth:22.3.1] AndroidManifest.xml:41:17-44:51
195                    android:host="firebase.auth"
195-->[com.google.firebase:firebase-auth:22.3.1] AndroidManifest.xml:42:21-49
196                    android:path="/"
196-->[com.google.firebase:firebase-auth:22.3.1] AndroidManifest.xml:43:21-37
197                    android:scheme="recaptcha" />
197-->[com.google.firebase:firebase-auth:22.3.1] AndroidManifest.xml:44:21-48
198            </intent-filter>
199        </activity>
200
201        <receiver
201-->[com.google.firebase:firebase-messaging:23.4.0] AndroidManifest.xml:29:9-40:20
202            android:name="com.google.firebase.iid.FirebaseInstanceIdReceiver"
202-->[com.google.firebase:firebase-messaging:23.4.0] AndroidManifest.xml:30:13-78
203            android:exported="true"
203-->[com.google.firebase:firebase-messaging:23.4.0] AndroidManifest.xml:31:13-36
204            android:permission="com.google.android.c2dm.permission.SEND" >
204-->[com.google.firebase:firebase-messaging:23.4.0] AndroidManifest.xml:32:13-73
205            <intent-filter>
205-->[:react-native-firebase_messaging] AndroidManifest.xml:27:13-29:29
206                <action android:name="com.google.android.c2dm.intent.RECEIVE" />
206-->[:react-native-firebase_messaging] AndroidManifest.xml:28:17-81
206-->[:react-native-firebase_messaging] AndroidManifest.xml:28:25-78
207            </intent-filter>
208
209            <meta-data
209-->[com.google.firebase:firebase-messaging:23.4.0] AndroidManifest.xml:37:13-39:40
210                android:name="com.google.android.gms.cloudmessaging.FINISHED_AFTER_HANDLED"
210-->[com.google.firebase:firebase-messaging:23.4.0] AndroidManifest.xml:38:17-92
211                android:value="true" />
211-->[com.google.firebase:firebase-messaging:23.4.0] AndroidManifest.xml:39:17-37
212        </receiver>
213        <!--
214             FirebaseMessagingService performs security checks at runtime,
215             but set to not exported to explicitly avoid allowing another app to call it.
216        -->
217        <service
217-->[com.google.firebase:firebase-messaging:23.4.0] AndroidManifest.xml:46:9-53:19
218            android:name="com.google.firebase.messaging.FirebaseMessagingService"
218-->[com.google.firebase:firebase-messaging:23.4.0] AndroidManifest.xml:47:13-82
219            android:directBootAware="true"
219-->[com.google.firebase:firebase-messaging:23.4.0] AndroidManifest.xml:48:13-43
220            android:exported="false" >
220-->[com.google.firebase:firebase-messaging:23.4.0] AndroidManifest.xml:49:13-37
221            <intent-filter android:priority="-500" >
221-->[:react-native-firebase_messaging] AndroidManifest.xml:18:13-20:29
222                <action android:name="com.google.firebase.MESSAGING_EVENT" />
222-->[:react-native-firebase_messaging] AndroidManifest.xml:19:17-78
222-->[:react-native-firebase_messaging] AndroidManifest.xml:19:25-75
223            </intent-filter>
224        </service>
225
226        <activity
226-->[com.google.android.gms:play-services-auth:20.7.0] AndroidManifest.xml:23:9-27:75
227            android:name="com.google.android.gms.auth.api.signin.internal.SignInHubActivity"
227-->[com.google.android.gms:play-services-auth:20.7.0] AndroidManifest.xml:24:13-93
228            android:excludeFromRecents="true"
228-->[com.google.android.gms:play-services-auth:20.7.0] AndroidManifest.xml:25:13-46
229            android:exported="false"
229-->[com.google.android.gms:play-services-auth:20.7.0] AndroidManifest.xml:26:13-37
230            android:theme="@android:style/Theme.Translucent.NoTitleBar" />
230-->[com.google.android.gms:play-services-auth:20.7.0] AndroidManifest.xml:27:13-72
231        <!--
232            Service handling Google Sign-In user revocation. For apps that do not integrate with
233            Google Sign-In, this service will never be started.
234        -->
235        <service
235-->[com.google.android.gms:play-services-auth:20.7.0] AndroidManifest.xml:33:9-37:51
236            android:name="com.google.android.gms.auth.api.signin.RevocationBoundService"
236-->[com.google.android.gms:play-services-auth:20.7.0] AndroidManifest.xml:34:13-89
237            android:exported="true"
237-->[com.google.android.gms:play-services-auth:20.7.0] AndroidManifest.xml:35:13-36
238            android:permission="com.google.android.gms.auth.api.signin.permission.REVOCATION_NOTIFICATION"
238-->[com.google.android.gms:play-services-auth:20.7.0] AndroidManifest.xml:36:13-107
239            android:visibleToInstantApps="true" />
239-->[com.google.android.gms:play-services-auth:20.7.0] AndroidManifest.xml:37:13-48
240
241        <activity
241-->[com.google.android.gms:play-services-base:18.0.1] AndroidManifest.xml:20:9-22:45
242            android:name="com.google.android.gms.common.api.GoogleApiActivity"
242-->[com.google.android.gms:play-services-base:18.0.1] AndroidManifest.xml:20:19-85
243            android:exported="false"
243-->[com.google.android.gms:play-services-base:18.0.1] AndroidManifest.xml:22:19-43
244            android:theme="@android:style/Theme.Translucent.NoTitleBar" />
244-->[com.google.android.gms:play-services-base:18.0.1] AndroidManifest.xml:21:19-78
245
246        <provider